<?xml version="1.0" encoding="UTF-8" ?>
<testsuite 
errors="0" failures="0" hostname="7b4b0766729c" name="org.scalatest.junit.JUnitWrapperSuite" tests="0" time="0.083" timestamp="2021-11-16T07:00:13">
  <properties>
    <property name="java.runtime.name" value="OpenJDK Runtime Environment"/>
    <property name="java.vm.version" value="11.0.11+9-Ubuntu-0ubuntu2.18.04"/>
    <property 
    name="sun.boot.library.path" value="/usr/lib/jvm/java-11-openjdk-amd64/lib">
</property>
    <property name="java.vm.vendor" value="Ubuntu"/>
    <property name="java.vendor.url" value="https://ubuntu.com/"/>
    <property name="path.separator" value=":"/>
    <property name="java.vm.name" value="OpenJDK 64-Bit Server VM"/>
    <property name="sun.os.patch.level" value="unknown"/>
    <property name="sun.java.launcher" value="SUN_STANDARD"/>
    <property 
    name="java.vm.specification.name" value="Java Virtual Machine Specification">
</property>
    <property 
    name="user.dir" value="/home/project/scala_examples/03_scala_spark_hive">
</property>
    <property name="java.vm.compressedOopsMode" value="Zero based"/>
    <property 
    name="java.runtime.version" value="11.0.11+9-Ubuntu-0ubuntu2.18.04">
</property>
    <property 
    name="java.awt.graphicsenv" value="sun.awt.X11GraphicsEnvironment">
</property>
    <property 
    name="basedir" value="/home/project/scala_examples/03_scala_spark_hive">
</property>
    <property name="os.arch" value="amd64"/>
    <property name="java.io.tmpdir" value="/tmp"/>
    <property name="line.separator" value=" "/>
    <property name="java.vm.specification.vendor" value="Oracle Corporation"/>
    <property name="os.name" value="Linux"/>
    <property name="sun.jnu.encoding" value="UTF-8"/>
    <property 
    name="java.library.path" value="/usr/java/packages/lib:/usr/lib/x86_64-linux-gnu/jni:/lib/x86_64-linux-gnu:/usr/lib/x86_64-linux-gnu:/usr/lib/jni:/lib:/usr/lib">
</property>
    <property name="jdk.debug" value="release"/>
    <property name="java.class.version" value="55.0"/>
    <property 
    name="java.specification.name" value="Java Platform API Specification">
</property>
    <property 
    name="sun.management.compiler" value="HotSpot 64-Bit Tiered Compilers">
</property>
    <property name="os.version" value="4.9.125-linuxkit"/>
    <property name="user.home" value="/root"/>
    <property name="user.timezone" value=""/>
    <property name="java.awt.printerjob" value="sun.print.PSPrinterJob"/>
    <property name="file.encoding" value="UTF-8"/>
    <property name="java.specification.version" value="11"/>
    <property name="user.name" value="root"/>
    <property 
    name="java.class.path" value="/home/project/scala_examples/03_scala_spark_hive/target/test-classes:/home/project/scala_examples/03_scala_spark_hive/target/classes:/root/.m2/repository/org/apache/spark/spark-core_2.12/3.2.0/spark-core_2.12-3.2.0.jar:/root/.m2/repository/org/apache/avro/avro/1.10.2/avro-1.10.2.jar:/root/.m2/repository/com/fasterxml/jackson/core/jackson-core/2.12.2/jackson-core-2.12.2.jar:/root/.m2/repository/org/apache/avro/avro-mapred/1.10.2/avro-mapred-1.10.2.jar:/root/.m2/repository/org/apache/avro/avro-ipc/1.10.2/avro-ipc-1.10.2.jar:/root/.m2/repository/com/twitter/chill_2.12/0.10.0/chill_2.12-0.10.0.jar:/root/.m2/repository/com/esotericsoftware/kryo-shaded/4.0.2/kryo-shaded-4.0.2.jar:/root/.m2/repository/com/esotericsoftware/minlog/1.3.0/minlog-1.3.0.jar:/root/.m2/repository/org/objenesis/objenesis/2.5.1/objenesis-2.5.1.jar:/root/.m2/repository/com/twitter/chill-java/0.10.0/chill-java-0.10.0.jar:/root/.m2/repository/org/apache/xbean/xbean-asm9-shaded/4.20/xbean-asm9-shaded-4.20.jar:/root/.m2/repository/org/apache/hadoop/hadoop-client-api/3.3.1/hadoop-client-api-3.3.1.jar:/root/.m2/repository/org/apache/hadoop/hadoop-client-runtime/3.3.1/hadoop-client-runtime-3.3.1.jar:/root/.m2/repository/org/apache/spark/spark-launcher_2.12/3.2.0/spark-launcher_2.12-3.2.0.jar:/root/.m2/repository/org/apache/spark/spark-kvstore_2.12/3.2.0/spark-kvstore_2.12-3.2.0.jar:/root/.m2/repository/org/fusesource/leveldbjni/leveldbjni-all/1.8/leveldbjni-all-1.8.jar:/root/.m2/repository/com/fasterxml/jackson/core/jackson-annotations/2.12.3/jackson-annotations-2.12.3.jar:/root/.m2/repository/org/apache/spark/spark-network-common_2.12/3.2.0/spark-network-common_2.12-3.2.0.jar:/root/.m2/repository/com/google/crypto/tink/tink/1.6.0/tink-1.6.0.jar:/root/.m2/repository/org/apache/spark/spark-network-shuffle_2.12/3.2.0/spark-network-shuffle_2.12-3.2.0.jar:/root/.m2/repository/org/apache/spark/spark-unsafe_2.12/3.2.0/spark-unsafe_2.12-3.2.0.jar:/root/.m2/repository/javax/activation/activation/1.1.1/activation-1.1.1.jar:/root/.m2/repository/org/apache/curator/curator-recipes/2.13.0/curator-recipes-2.13.0.jar:/root/.m2/repository/org/apache/curator/curator-framework/2.13.0/curator-framework-2.13.0.jar:/root/.m2/repository/org/apache/zookeeper/zookeeper/3.6.2/zookeeper-3.6.2.jar:/root/.m2/repository/commons-lang/commons-lang/2.6/commons-lang-2.6.jar:/root/.m2/repository/org/apache/zookeeper/zookeeper-jute/3.6.2/zookeeper-jute-3.6.2.jar:/root/.m2/repository/org/apache/yetus/audience-annotations/0.5.0/audience-annotations-0.5.0.jar:/root/.m2/repository/jakarta/servlet/jakarta.servlet-api/4.0.3/jakarta.servlet-api-4.0.3.jar:/root/.m2/repository/commons-codec/commons-codec/1.15/commons-codec-1.15.jar:/root/.m2/repository/org/apache/commons/commons-lang3/3.12.0/commons-lang3-3.12.0.jar:/root/.m2/repository/org/apache/commons/commons-math3/3.4.1/commons-math3-3.4.1.jar:/root/.m2/repository/org/apache/commons/commons-text/1.6/commons-text-1.6.jar:/root/.m2/repository/commons-io/commons-io/2.8.0/commons-io-2.8.0.jar:/root/.m2/repository/commons-collections/commons-collections/3.2.2/commons-collections-3.2.2.jar:/root/.m2/repository/com/google/code/findbugs/jsr305/3.0.0/jsr305-3.0.0.jar:/root/.m2/repository/org/slf4j/slf4j-api/1.7.30/slf4j-api-1.7.30.jar:/root/.m2/repository/org/slf4j/jul-to-slf4j/1.7.30/jul-to-slf4j-1.7.30.jar:/root/.m2/repository/org/slf4j/jcl-over-slf4j/1.7.30/jcl-over-slf4j-1.7.30.jar:/root/.m2/repository/log4j/log4j/1.2.17/log4j-1.2.17.jar:/root/.m2/repository/org/slf4j/slf4j-log4j12/1.7.30/slf4j-log4j12-1.7.30.jar:/root/.m2/repository/com/ning/compress-lzf/1.0.3/compress-lzf-1.0.3.jar:/root/.m2/repository/org/xerial/snappy/snappy-java/1.1.8.4/snappy-java-1.1.8.4.jar:/root/.m2/repository/org/lz4/lz4-java/1.7.1/lz4-java-1.7.1.jar:/root/.m2/repository/com/github/luben/zstd-jni/1.5.0-4/zstd-jni-1.5.0-4.jar:/root/.m2/repository/org/roaringbitmap/RoaringBitmap/0.9.0/RoaringBitmap-0.9.0.jar:/root/.m2/repository/org/roaringbitmap/shims/0.9.0/shims-0.9.0.jar:/root/.m2/repository/commons-net/commons-net/3.1/commons-net-3.1.jar:/root/.m2/repository/org/scala-lang/modules/scala-xml_2.12/1.2.0/scala-xml_2.12-1.2.0.jar:/root/.m2/repository/org/scala-lang/scala-reflect/2.12.15/scala-reflect-2.12.15.jar:/root/.m2/repository/org/json4s/json4s-jackson_2.12/3.7.0-M11/json4s-jackson_2.12-3.7.0-M11.jar:/root/.m2/repository/org/json4s/json4s-core_2.12/3.7.0-M11/json4s-core_2.12-3.7.0-M11.jar:/root/.m2/repository/org/json4s/json4s-ast_2.12/3.7.0-M11/json4s-ast_2.12-3.7.0-M11.jar:/root/.m2/repository/org/json4s/json4s-scalap_2.12/3.7.0-M11/json4s-scalap_2.12-3.7.0-M11.jar:/root/.m2/repository/org/glassfish/jersey/core/jersey-client/2.34/jersey-client-2.34.jar:/root/.m2/repository/jakarta/ws/rs/jakarta.ws.rs-api/2.1.6/jakarta.ws.rs-api-2.1.6.jar:/root/.m2/repository/org/glassfish/hk2/external/jakarta.inject/2.6.1/jakarta.inject-2.6.1.jar:/root/.m2/repository/org/glassfish/jersey/core/jersey-common/2.34/jersey-common-2.34.jar:/root/.m2/repository/jakarta/annotation/jakarta.annotation-api/1.3.5/jakarta.annotation-api-1.3.5.jar:/root/.m2/repository/org/glassfish/hk2/osgi-resource-locator/1.0.3/osgi-resource-locator-1.0.3.jar:/root/.m2/repository/org/glassfish/jersey/core/jersey-server/2.34/jersey-server-2.34.jar:/root/.m2/repository/jakarta/validation/jakarta.validation-api/2.0.2/jakarta.validation-api-2.0.2.jar:/root/.m2/repository/org/glassfish/jersey/containers/jersey-container-servlet/2.34/jersey-container-servlet-2.34.jar:/root/.m2/repository/org/glassfish/jersey/containers/jersey-container-servlet-core/2.34/jersey-container-servlet-core-2.34.jar:/root/.m2/repository/org/glassfish/jersey/inject/jersey-hk2/2.34/jersey-hk2-2.34.jar:/root/.m2/repository/org/glassfish/hk2/hk2-locator/2.6.1/hk2-locator-2.6.1.jar:/root/.m2/repository/org/glassfish/hk2/external/aopalliance-repackaged/2.6.1/aopalliance-repackaged-2.6.1.jar:/root/.m2/repository/org/glassfish/hk2/hk2-api/2.6.1/hk2-api-2.6.1.jar:/root/.m2/repository/org/glassfish/hk2/hk2-utils/2.6.1/hk2-utils-2.6.1.jar:/root/.m2/repository/org/javassist/javassist/3.25.0-GA/javassist-3.25.0-GA.jar:/root/.m2/repository/io/netty/netty-all/4.1.68.Final/netty-all-4.1.68.Final.jar:/root/.m2/repository/com/clearspring/analytics/stream/2.9.6/stream-2.9.6.jar:/root/.m2/repository/io/dropwizard/metrics/metrics-core/4.2.0/metrics-core-4.2.0.jar:/root/.m2/repository/io/dropwizard/metrics/metrics-jvm/4.2.0/metrics-jvm-4.2.0.jar:/root/.m2/repository/io/dropwizard/metrics/metrics-json/4.2.0/metrics-json-4.2.0.jar:/root/.m2/repository/io/dropwizard/metrics/metrics-graphite/4.2.0/metrics-graphite-4.2.0.jar:/root/.m2/repository/io/dropwizard/metrics/metrics-jmx/4.2.0/metrics-jmx-4.2.0.jar:/root/.m2/repository/com/fasterxml/jackson/core/jackson-databind/2.12.3/jackson-databind-2.12.3.jar:/root/.m2/repository/com/fasterxml/jackson/module/jackson-module-scala_2.12/2.12.3/jackson-module-scala_2.12-2.12.3.jar:/root/.m2/repository/com/thoughtworks/paranamer/paranamer/2.8/paranamer-2.8.jar:/root/.m2/repository/org/apache/ivy/ivy/2.5.0/ivy-2.5.0.jar:/root/.m2/repository/oro/oro/2.0.8/oro-2.0.8.jar:/root/.m2/repository/net/razorvine/pyrolite/4.30/pyrolite-4.30.jar:/root/.m2/repository/net/sf/py4j/py4j/0.10.9.2/py4j-0.10.9.2.jar:/root/.m2/repository/org/apache/spark/spark-tags_2.12/3.2.0/spark-tags_2.12-3.2.0.jar:/root/.m2/repository/org/apache/commons/commons-crypto/1.1.0/commons-crypto-1.1.0.jar:/root/.m2/repository/org/spark-project/spark/unused/1.0.0/unused-1.0.0.jar:/root/.m2/repository/org/apache/spark/spark-sql_2.12/3.2.0/spark-sql_2.12-3.2.0.jar:/root/.m2/repository/org/rocksdb/rocksdbjni/6.20.3/rocksdbjni-6.20.3.jar:/root/.m2/repository/com/univocity/univocity-parsers/2.9.1/univocity-parsers-2.9.1.jar:/root/.m2/repository/org/apache/spark/spark-sketch_2.12/3.2.0/spark-sketch_2.12-3.2.0.jar:/root/.m2/repository/org/apache/spark/spark-catalyst_2.12/3.2.0/spark-catalyst_2.12-3.2.0.jar:/root/.m2/repository/org/scala-lang/modules/scala-parser-combinators_2.12/1.1.2/scala-parser-combinators_2.12-1.1.2.jar:/root/.m2/repository/org/codehaus/janino/janino/3.0.16/janino-3.0.16.jar:/root/.m2/repository/org/codehaus/janino/commons-compiler/3.0.16/commons-compiler-3.0.16.jar:/root/.m2/repository/org/antlr/antlr4-runtime/4.8/antlr4-runtime-4.8.jar:/root/.m2/repository/javax/xml/bind/jaxb-api/2.2.11/jaxb-api-2.2.11.jar:/root/.m2/repository/org/apache/arrow/arrow-vector/2.0.0/arrow-vector-2.0.0.jar:/root/.m2/repository/org/apache/arrow/arrow-format/2.0.0/arrow-format-2.0.0.jar:/root/.m2/repository/org/apache/arrow/arrow-memory-core/2.0.0/arrow-memory-core-2.0.0.jar:/root/.m2/repository/com/google/flatbuffers/flatbuffers-java/1.9.0/flatbuffers-java-1.9.0.jar:/root/.m2/repository/org/apache/arrow/arrow-memory-netty/2.0.0/arrow-memory-netty-2.0.0.jar:/root/.m2/repository/org/apache/orc/orc-core/1.6.11/orc-core-1.6.11.jar:/root/.m2/repository/org/apache/orc/orc-shims/1.6.11/orc-shims-1.6.11.jar:/root/.m2/repository/io/airlift/aircompressor/0.21/aircompressor-0.21.jar:/root/.m2/repository/org/jetbrains/annotations/17.0.0/annotations-17.0.0.jar:/root/.m2/repository/org/threeten/threeten-extra/1.5.0/threeten-extra-1.5.0.jar:/root/.m2/repository/org/apache/orc/orc-mapreduce/1.6.11/orc-mapreduce-1.6.11.jar:/root/.m2/repository/org/apache/hive/hive-storage-api/2.7.2/hive-storage-api-2.7.2.jar:/root/.m2/repository/org/apache/parquet/parquet-column/1.12.1/parquet-column-1.12.1.jar:/root/.m2/repository/org/apache/parquet/parquet-common/1.12.1/parquet-common-1.12.1.jar:/root/.m2/repository/org/apache/parquet/parquet-encoding/1.12.1/parquet-encoding-1.12.1.jar:/root/.m2/repository/org/apache/parquet/parquet-hadoop/1.12.1/parquet-hadoop-1.12.1.jar:/root/.m2/repository/org/apache/parquet/parquet-format-structures/1.12.1/parquet-format-structures-1.12.1.jar:/root/.m2/repository/org/apache/parquet/parquet-jackson/1.12.1/parquet-jackson-1.12.1.jar:/root/.m2/repository/org/apache/spark/spark-hive_2.12/3.2.0/spark-hive_2.12-3.2.0.jar:/root/.m2/repository/org/apache/hive/hive-common/2.3.9/hive-common-2.3.9.jar:/root/.m2/repository/jline/jline/2.12/jline-2.12.jar:/root/.m2/repository/com/tdunning/json/1.8/json-1.8.jar:/root/.m2/repository/com/github/joshelser/dropwizard-metrics-hadoop-metrics2-reporter/0.1.2/dropwizard-metrics-hadoop-metrics2-reporter-0.1.2.jar:/root/.m2/repository/org/apache/hive/hive-exec/2.3.9/hive-exec-2.3.9-core.jar:/root/.m2/repository/org/apache/hive/hive-vector-code-gen/2.3.9/hive-vector-code-gen-2.3.9.jar:/root/.m2/repository/org/apache/velocity/velocity/1.5/velocity-1.5.jar:/root/.m2/repository/org/antlr/antlr-runtime/3.5.2/antlr-runtime-3.5.2.jar:/root/.m2/repository/org/antlr/ST4/4.0.4/ST4-4.0.4.jar:/root/.m2/repository/stax/stax-api/1.0.1/stax-api-1.0.1.jar:/root/.m2/repository/org/apache/hive/hive-metastore/2.3.9/hive-metastore-2.3.9.jar:/root/.m2/repository/javolution/javolution/5.5.1/javolution-5.5.1.jar:/root/.m2/repository/com/jolbox/bonecp/0.8.0.RELEASE/bonecp-0.8.0.RELEASE.jar:/root/.m2/repository/com/zaxxer/HikariCP/2.5.1/HikariCP-2.5.1.jar:/root/.m2/repository/org/datanucleus/datanucleus-api-jdo/4.2.4/datanucleus-api-jdo-4.2.4.jar:/root/.m2/repository/org/datanucleus/datanucleus-rdbms/4.1.19/datanucleus-rdbms-4.1.19.jar:/root/.m2/repository/commons-pool/commons-pool/1.5.4/commons-pool-1.5.4.jar:/root/.m2/repository/commons-dbcp/commons-dbcp/1.4/commons-dbcp-1.4.jar:/root/.m2/repository/javax/jdo/jdo-api/3.0.1/jdo-api-3.0.1.jar:/root/.m2/repository/javax/transaction/jta/1.1/jta-1.1.jar:/root/.m2/repository/org/datanucleus/javax.jdo/3.2.0-m3/javax.jdo-3.2.0-m3.jar:/root/.m2/repository/javax/transaction/transaction-api/1.1/transaction-api-1.1.jar:/root/.m2/repository/org/apache/hive/hive-serde/2.3.9/hive-serde-2.3.9.jar:/root/.m2/repository/net/sf/opencsv/opencsv/2.3/opencsv-2.3.jar:/root/.m2/repository/org/apache/hive/hive-shims/2.3.9/hive-shims-2.3.9.jar:/root/.m2/repository/org/apache/hive/shims/hive-shims-common/2.3.9/hive-shims-common-2.3.9.jar:/root/.m2/repository/org/apache/hive/shims/hive-shims-0.23/2.3.9/hive-shims-0.23-2.3.9.jar:/root/.m2/repository/org/apache/hive/shims/hive-shims-scheduler/2.3.9/hive-shims-scheduler-2.3.9.jar:/root/.m2/repository/org/apache/hive/hive-llap-common/2.3.9/hive-llap-common-2.3.9.jar:/root/.m2/repository/org/apache/hive/hive-llap-client/2.3.9/hive-llap-client-2.3.9.jar:/root/.m2/repository/org/apache/httpcomponents/httpclient/4.5.13/httpclient-4.5.13.jar:/root/.m2/repository/org/apache/httpcomponents/httpcore/4.4.13/httpcore-4.4.13.jar:/root/.m2/repository/org/codehaus/jackson/jackson-mapper-asl/1.9.13/jackson-mapper-asl-1.9.13.jar:/root/.m2/repository/org/codehaus/jackson/jackson-core-asl/1.9.13/jackson-core-asl-1.9.13.jar:/root/.m2/repository/joda-time/joda-time/2.10.10/joda-time-2.10.10.jar:/root/.m2/repository/org/jodd/jodd-core/3.5.2/jodd-core-3.5.2.jar:/root/.m2/repository/org/datanucleus/datanucleus-core/4.1.17/datanucleus-core-4.1.17.jar:/root/.m2/repository/org/apache/thrift/libthrift/0.12.0/libthrift-0.12.0.jar:/root/.m2/repository/org/apache/thrift/libfb303/0.9.3/libfb303-0.9.3.jar:/root/.m2/repository/org/apache/derby/derby/10.14.2.0/derby-10.14.2.0.jar:/root/.m2/repository/org/apache/spark/spark-streaming_2.12/3.2.0/spark-streaming_2.12-3.2.0.jar:/root/.m2/repository/org/postgresql/postgresql/42.3.1/postgresql-42.3.1.jar:/root/.m2/repository/org/checkerframework/checker-qual/3.5.0/checker-qual-3.5.0.jar:/root/.m2/repository/org/apache/logging/log4j/log4j-slf4j-impl/2.14.1/log4j-slf4j-impl-2.14.1.jar:/root/.m2/repository/org/apache/logging/log4j/log4j-core/2.14.1/log4j-core-2.14.1.jar:/root/.m2/repository/org/apache/logging/log4j/log4j-api/2.14.1/log4j-api-2.14.1.jar:/root/.m2/repository/org/apache/hadoop/hadoop-common/3.2.0/hadoop-common-3.2.0.jar:/root/.m2/repository/org/apache/hadoop/hadoop-annotations/3.2.0/hadoop-annotations-3.2.0.jar:/root/.m2/repository/com/google/guava/guava/11.0.2/guava-11.0.2.jar:/root/.m2/repository/commons-cli/commons-cli/1.2/commons-cli-1.2.jar:/root/.m2/repository/javax/servlet/javax.servlet-api/3.1.0/javax.servlet-api-3.1.0.jar:/root/.m2/repository/org/eclipse/jetty/jetty-server/9.3.24.v20180605/jetty-server-9.3.24.v20180605.jar:/root/.m2/repository/org/eclipse/jetty/jetty-http/9.3.24.v20180605/jetty-http-9.3.24.v20180605.jar:/root/.m2/repository/org/eclipse/jetty/jetty-io/9.3.24.v20180605/jetty-io-9.3.24.v20180605.jar:/root/.m2/repository/org/eclipse/jetty/jetty-util/9.3.24.v20180605/jetty-util-9.3.24.v20180605.jar:/root/.m2/repository/org/eclipse/jetty/jetty-servlet/9.3.24.v20180605/jetty-servlet-9.3.24.v20180605.jar:/root/.m2/repository/org/eclipse/jetty/jetty-security/9.3.24.v20180605/jetty-security-9.3.24.v20180605.jar:/root/.m2/repository/org/eclipse/jetty/jetty-webapp/9.3.24.v20180605/jetty-webapp-9.3.24.v20180605.jar:/root/.m2/repository/org/eclipse/jetty/jetty-xml/9.3.24.v20180605/jetty-xml-9.3.24.v20180605.jar:/root/.m2/repository/javax/servlet/jsp/jsp-api/2.1/jsp-api-2.1.jar:/root/.m2/repository/com/sun/jersey/jersey-core/1.19/jersey-core-1.19.jar:/root/.m2/repository/javax/ws/rs/jsr311-api/1.1.1/jsr311-api-1.1.1.jar:/root/.m2/repository/com/sun/jersey/jersey-servlet/1.19/jersey-servlet-1.19.jar:/root/.m2/repository/com/sun/jersey/jersey-json/1.19/jersey-json-1.19.jar:/root/.m2/repository/org/codehaus/jettison/jettison/1.1/jettison-1.1.jar:/root/.m2/repository/com/sun/xml/bind/jaxb-impl/2.2.3-1/jaxb-impl-2.2.3-1.jar:/root/.m2/repository/org/codehaus/jackson/jackson-jaxrs/1.9.2/jackson-jaxrs-1.9.2.jar:/root/.m2/repository/org/codehaus/jackson/jackson-xc/1.9.2/jackson-xc-1.9.2.jar:/root/.m2/repository/com/sun/jersey/jersey-server/1.19/jersey-server-1.19.jar:/root/.m2/repository/commons-logging/commons-logging/1.1.3/commons-logging-1.1.3.jar:/root/.m2/repository/commons-beanutils/commons-beanutils/1.9.3/commons-beanutils-1.9.3.jar:/root/.m2/repository/org/apache/commons/commons-configuration2/2.1.1/commons-configuration2-2.1.1.jar:/root/.m2/repository/com/google/re2j/re2j/1.1/re2j-1.1.jar:/root/.m2/repository/com/google/protobuf/protobuf-java/2.5.0/protobuf-java-2.5.0.jar:/root/.m2/repository/com/google/code/gson/gson/2.2.4/gson-2.2.4.jar:/root/.m2/repository/org/apache/hadoop/hadoop-auth/3.2.0/hadoop-auth-3.2.0.jar:/root/.m2/repository/com/nimbusds/nimbus-jose-jwt/4.41.1/nimbus-jose-jwt-4.41.1.jar:/root/.m2/repository/com/github/stephenc/jcip/jcip-annotations/1.0-1/jcip-annotations-1.0-1.jar:/root/.m2/repository/net/minidev/json-smart/2.3/json-smart-2.3.jar:/root/.m2/repository/net/minidev/accessors-smart/1.2/accessors-smart-1.2.jar:/root/.m2/repository/org/ow2/asm/asm/5.0.4/asm-5.0.4.jar:/root/.m2/repository/com/jcraft/jsch/0.1.54/jsch-0.1.54.jar:/root/.m2/repository/org/apache/curator/curator-client/2.12.0/curator-client-2.12.0.jar:/root/.m2/repository/org/apache/htrace/htrace-core4/4.1.0-incubating/htrace-core4-4.1.0-incubating.jar:/root/.m2/repository/org/apache/commons/commons-compress/1.4.1/commons-compress-1.4.1.jar:/root/.m2/repository/org/tukaani/xz/1.0/xz-1.0.jar:/root/.m2/repository/org/apache/kerby/kerb-simplekdc/1.0.1/kerb-simplekdc-1.0.1.jar:/root/.m2/repository/org/apache/kerby/kerb-client/1.0.1/kerb-client-1.0.1.jar:/root/.m2/repository/org/apache/kerby/kerby-config/1.0.1/kerby-config-1.0.1.jar:/root/.m2/repository/org/apache/kerby/kerb-core/1.0.1/kerb-core-1.0.1.jar:/root/.m2/repository/org/apache/kerby/kerby-pkix/1.0.1/kerby-pkix-1.0.1.jar:/root/.m2/repository/org/apache/kerby/kerby-asn1/1.0.1/kerby-asn1-1.0.1.jar:/root/.m2/repository/org/apache/kerby/kerby-util/1.0.1/kerby-util-1.0.1.jar:/root/.m2/repository/org/apache/kerby/kerb-common/1.0.1/kerb-common-1.0.1.jar:/root/.m2/repository/org/apache/kerby/kerb-crypto/1.0.1/kerb-crypto-1.0.1.jar:/root/.m2/repository/org/apache/kerby/kerb-util/1.0.1/kerb-util-1.0.1.jar:/root/.m2/repository/org/apache/kerby/token-provider/1.0.1/token-provider-1.0.1.jar:/root/.m2/repository/org/apache/kerby/kerb-admin/1.0.1/kerb-admin-1.0.1.jar:/root/.m2/repository/org/apache/kerby/kerb-server/1.0.1/kerb-server-1.0.1.jar:/root/.m2/repository/org/apache/kerby/kerb-identity/1.0.1/kerb-identity-1.0.1.jar:/root/.m2/repository/org/apache/kerby/kerby-xdr/1.0.1/kerby-xdr-1.0.1.jar:/root/.m2/repository/org/codehaus/woodstox/stax2-api/3.1.4/stax2-api-3.1.4.jar:/root/.m2/repository/com/fasterxml/woodstox/woodstox-core/5.0.3/woodstox-core-5.0.3.jar:/root/.m2/repository/dnsjava/dnsjava/2.1.7/dnsjava-2.1.7.jar:/root/.m2/repository/org/scala-lang/scala-library/2.12.10/scala-library-2.12.10.jar:/root/.m2/repository/junit/junit/4.12/junit-4.12.jar:/root/.m2/repository/org/hamcrest/hamcrest-core/1.3/hamcrest-core-1.3.jar:/root/.m2/repository/org/scalatest/scalatest_2.12/3.0.5/scalatest_2.12-3.0.5.jar:/root/.m2/repository/org/scalactic/scalactic_2.12/3.0.5/scalactic_2.12-3.0.5.jar:/root/.m2/repository/org/specs2/specs2-core_2.12/4.2.0/specs2-core_2.12-4.2.0.jar:/root/.m2/repository/org/specs2/specs2-matcher_2.12/4.2.0/specs2-matcher_2.12-4.2.0.jar:/root/.m2/repository/org/specs2/specs2-common_2.12/4.2.0/specs2-common_2.12-4.2.0.jar:/root/.m2/repository/org/specs2/specs2-fp_2.12/4.2.0/specs2-fp_2.12-4.2.0.jar:/root/.m2/repository/org/scala-sbt/test-interface/1.0/test-interface-1.0.jar:/root/.m2/repository/org/specs2/specs2-junit_2.12/4.2.0/specs2-junit_2.12-4.2.0.jar">
</property>
    <property name="java.vm.specification.version" value="11"/>
    <property name="sun.arch.data.model" value="64"/>
    <property 
    name="sun.java.command" value="org.scalatest.tools.Runner -R /home/project/scala_examples/03_scala_spark_hive/target/classes /home/project/scala_examples/03_scala_spark_hive/target/test-classes -j samples.AppTest -o -f /home/project/scala_examples/03_scala_spark_hive/target/surefire-reports/TestSuiteReport.txt -u /home/project/scala_examples/03_scala_spark_hive/target/surefire-reports/.">
</property>
    <property name="java.home" value="/usr/lib/jvm/java-11-openjdk-amd64"/>
    <property name="user.language" value="en"/>
    <property name="java.specification.vendor" value="Oracle Corporation"/>
    <property name="awt.toolkit" value="sun.awt.X11.XToolkit"/>
    <property name="java.vm.info" value="mixed mode, sharing"/>
    <property name="java.version" value="11.0.11"/>
    <property name="java.vendor" value="Ubuntu"/>
    <property name="file.separator" value="/"/>
    <property name="java.version.date" value="2021-04-20"/>
    <property 
    name="java.vendor.url.bug" value="https://bugs.launchpad.net/ubuntu/+source/openjdk-lts">
</property>
    <property name="sun.io.unicode.encoding" value="UnicodeLittle"/>
    <property name="sun.cpu.endian" value="little"/>
    <property name="sun.cpu.isalist" value=""/>
  </properties>
  <system-out><![CDATA[]]></system-out>
  <system-err><![CDATA[]]></system-err>
</testsuite>
